C:\00 DISTRIB\X-Plane 9\Resources\plugins\plugin_9_Directors.exp
C:\00 DISTRIB\X-PLANE 9\RESOURCES\PLUGINS\PLUGIN_9_DIRECTORS.ILK
C:\00 DISTRIB\X-Plane 9\Resources\plugins\plugin_9_Directors.lib
C:\00 DISTRIB\X-PLANE 9\RESOURCES\PLUGINS\PLUGIN_9_DIRECTORS.PDB
C:\00 DISTRIB\X-PLANE 9\RESOURCES\PLUGINS\PLUGIN_9_DIRECTORS.XPL
C:\00 DISTRIB\X-PLANE 9\RESOURCES\PLUGINS\PLUGINCHA\PLUGIN_9_DIRECTOR\PLUGIN_5_SAU\DEBUG\MAIN.OBJ
C:\00 DISTRIB\X-PLANE 9\RESOURCES\PLUGINS\PLUGINCHA\PLUGIN_9_DIRECTOR\PLUGIN_5_SAU\DEBUG\MAINWINDLL.OBJ
C:\00 DISTRIB\X-PLANE 9\RESOURCES\PLUGINS\PLUGINCHA\PLUGIN_9_DIRECTOR\PLUGIN_5_SAU\DEBUG\PLUGIN_9_DIRECTORS.XPL.EMBED.MANIFEST
C:\00 DISTRIB\X-PLANE 9\RESOURCES\PLUGINS\PLUGINCHA\PLUGIN_9_DIRECTOR\PLUGIN_5_SAU\DEBUG\PLUGIN_9_DIRECTORS.XPL.EMBED.MANIFEST.RES
C:\00 DISTRIB\X-PLANE 9\RESOURCES\PLUGINS\PLUGINCHA\PLUGIN_9_DIRECTOR\PLUGIN_5_SAU\DEBUG\PLUGIN_9_DIRECTORS.XPL.INTERMEDIATE.MANIFEST
C:\00 DISTRIB\X-PLANE 9\RESOURCES\PLUGINS\PLUGINCHA\PLUGIN_9_DIRECTOR\PLUGIN_5_SAU\DEBUG\VC100.PDB
D:\00 DISTRIB\X-Plane 9\Resources\plugins\PluginCHA\plugin_9_DIRECTOR\plugin_5_SAU\Debug\cl.command.1.tlog
D:\00 DISTRIB\X-Plane 9\Resources\plugins\PluginCHA\plugin_9_DIRECTOR\plugin_5_SAU\Debug\CL.read.1.tlog
D:\00 DISTRIB\X-Plane 9\Resources\plugins\PluginCHA\plugin_9_DIRECTOR\plugin_5_SAU\Debug\CL.write.1.tlog
D:\00 DISTRIB\X-Plane 9\Resources\plugins\PluginCHA\plugin_9_DIRECTOR\plugin_5_SAU\Debug\link.6916.read.1.tlog
D:\00 DISTRIB\X-Plane 9\Resources\plugins\PluginCHA\plugin_9_DIRECTOR\plugin_5_SAU\Debug\link.6916.write.1.tlog
D:\00 DISTRIB\X-Plane 9\Resources\plugins\PluginCHA\plugin_9_DIRECTOR\plugin_5_SAU\Debug\link.6916-cvtres.read.1.tlog
D:\00 DISTRIB\X-Plane 9\Resources\plugins\PluginCHA\plugin_9_DIRECTOR\plugin_5_SAU\Debug\link.6916-cvtres.write.1.tlog
D:\00 DISTRIB\X-Plane 9\Resources\plugins\PluginCHA\plugin_9_DIRECTOR\plugin_5_SAU\Debug\link.command.1.tlog
D:\00 DISTRIB\X-Plane 9\Resources\plugins\PluginCHA\plugin_9_DIRECTOR\plugin_5_SAU\Debug\link.read.1.tlog
D:\00 DISTRIB\X-Plane 9\Resources\plugins\PluginCHA\plugin_9_DIRECTOR\plugin_5_SAU\Debug\link.write.1.tlog
D:\00 DISTRIB\X-Plane 9\Resources\plugins\PluginCHA\plugin_9_DIRECTOR\plugin_5_SAU\Debug\link-cvtres.read.1.tlog
D:\00 DISTRIB\X-Plane 9\Resources\plugins\PluginCHA\plugin_9_DIRECTOR\plugin_5_SAU\Debug\link-cvtres.write.1.tlog
D:\00 DISTRIB\X-Plane 9\Resources\plugins\PluginCHA\plugin_9_DIRECTOR\plugin_5_SAU\Debug\Main.obj
D:\00 DISTRIB\X-Plane 9\Resources\plugins\PluginCHA\plugin_9_DIRECTOR\plugin_5_SAU\Debug\MainWinDll.obj
D:\00 DISTRIB\X-Plane 9\Resources\plugins\PluginCHA\plugin_9_DIRECTOR\plugin_5_SAU\Debug\mt.command.1.tlog
D:\00 DISTRIB\X-Plane 9\Resources\plugins\PluginCHA\plugin_9_DIRECTOR\plugin_5_SAU\Debug\mt.read.1.tlog
D:\00 DISTRIB\X-Plane 9\Resources\plugins\PluginCHA\plugin_9_DIRECTOR\plugin_5_SAU\Debug\mt.write.1.tlog
D:\00 DISTRIB\X-Plane 9\Resources\plugins\PluginCHA\plugin_9_DIRECTOR\plugin_5_SAU\Debug\plugin_9_Directors.write.1.tlog
D:\00 DISTRIB\X-Plane 9\Resources\plugins\PluginCHA\plugin_9_DIRECTOR\plugin_5_SAU\Debug\plugin_9_Directors.xpl.embed.manifest.res
D:\00 DISTRIB\X-Plane 9\Resources\plugins\PluginCHA\plugin_9_DIRECTOR\plugin_5_SAU\Debug\plugin_9_Directors_manifest.rc
D:\00 DISTRIB\X-Plane 9\Resources\plugins\PluginCHA\plugin_9_DIRECTOR\plugin_5_SAU\Debug\rc.command.1.tlog
D:\00 DISTRIB\X-Plane 9\Resources\plugins\PluginCHA\plugin_9_DIRECTOR\plugin_5_SAU\Debug\rc.read.1.tlog
D:\00 DISTRIB\X-Plane 9\Resources\plugins\PluginCHA\plugin_9_DIRECTOR\plugin_5_SAU\Debug\rc.write.1.tlog
D:\00 DISTRIB\X-Plane 9\Resources\plugins\PluginCHA\plugin_9_DIRECTOR\plugin_5_SAU\Debug\vc100.idb
D:\00 DISTRIB\X-Plane 9\Resources\plugins\PluginCHA\plugin_9_DIRECTOR\plugin_5_SAU\Debug\vc100.pdb
