C:\00 DISTRIB\X-PLANE 9\RESOURCES\PLUGINS\PLUGIN_5_SAU.ILK
C:\00 DISTRIB\X-PLANE 9\RESOURCES\PLUGINS\PLUGIN_5_SAU.XPL
C:\00 DISTRIB\X-Plane 9\Resources\plugins\PluginCHA\plugin_5_SAU\Debug\plugin_5_SAU.exp
C:\00 DISTRIB\X-Plane 9\Resources\plugins\PluginCHA\plugin_5_SAU\Debug\plugin_5_SAU.lib
C:\00 DISTRIB\X-PLANE 9\RESOURCES\PLUGINS\PLUGINCHA\PLUGIN_5_SAU\DEBUG\PLUGIN_5_SAU.PDB
C:\00 DISTRIB\X-Plane 9\Resources\plugins\PluginCHA\plugin_5_SAU\plugin_5_SAU\Debug\cl.command.1.tlog
C:\00 DISTRIB\X-Plane 9\Resources\plugins\PluginCHA\plugin_5_SAU\plugin_5_SAU\Debug\CL.read.1.tlog
C:\00 DISTRIB\X-Plane 9\Resources\plugins\PluginCHA\plugin_5_SAU\plugin_5_SAU\Debug\CL.write.1.tlog
C:\00 DISTRIB\X-Plane 9\Resources\plugins\PluginCHA\plugin_5_SAU\plugin_5_SAU\Debug\link.1164.read.1.tlog
C:\00 DISTRIB\X-Plane 9\Resources\plugins\PluginCHA\plugin_5_SAU\plugin_5_SAU\Debug\link.1164.write.1.tlog
C:\00 DISTRIB\X-Plane 9\Resources\plugins\PluginCHA\plugin_5_SAU\plugin_5_SAU\Debug\link.1164-cvtres.read.1.tlog
C:\00 DISTRIB\X-Plane 9\Resources\plugins\PluginCHA\plugin_5_SAU\plugin_5_SAU\Debug\link.1164-cvtres.write.1.tlog
C:\00 DISTRIB\X-Plane 9\Resources\plugins\PluginCHA\plugin_5_SAU\plugin_5_SAU\Debug\link.4532.read.1.tlog
C:\00 DISTRIB\X-Plane 9\Resources\plugins\PluginCHA\plugin_5_SAU\plugin_5_SAU\Debug\link.4532.write.1.tlog
C:\00 DISTRIB\X-Plane 9\Resources\plugins\PluginCHA\plugin_5_SAU\plugin_5_SAU\Debug\link.4532-cvtres.read.1.tlog
C:\00 DISTRIB\X-Plane 9\Resources\plugins\PluginCHA\plugin_5_SAU\plugin_5_SAU\Debug\link.4532-cvtres.write.1.tlog
C:\00 DISTRIB\X-Plane 9\Resources\plugins\PluginCHA\plugin_5_SAU\plugin_5_SAU\Debug\link.6544.read.1.tlog
C:\00 DISTRIB\X-Plane 9\Resources\plugins\PluginCHA\plugin_5_SAU\plugin_5_SAU\Debug\link.6544.write.1.tlog
C:\00 DISTRIB\X-Plane 9\Resources\plugins\PluginCHA\plugin_5_SAU\plugin_5_SAU\Debug\link.6544-cvtres.read.1.tlog
C:\00 DISTRIB\X-Plane 9\Resources\plugins\PluginCHA\plugin_5_SAU\plugin_5_SAU\Debug\link.6544-cvtres.write.1.tlog
C:\00 DISTRIB\X-Plane 9\Resources\plugins\PluginCHA\plugin_5_SAU\plugin_5_SAU\Debug\link.6828.read.1.tlog
C:\00 DISTRIB\X-Plane 9\Resources\plugins\PluginCHA\plugin_5_SAU\plugin_5_SAU\Debug\link.6828.write.1.tlog
C:\00 DISTRIB\X-Plane 9\Resources\plugins\PluginCHA\plugin_5_SAU\plugin_5_SAU\Debug\link.6828-cvtres.read.1.tlog
C:\00 DISTRIB\X-Plane 9\Resources\plugins\PluginCHA\plugin_5_SAU\plugin_5_SAU\Debug\link.6828-cvtres.write.1.tlog
C:\00 DISTRIB\X-Plane 9\Resources\plugins\PluginCHA\plugin_5_SAU\plugin_5_SAU\Debug\link.6948.read.1.tlog
C:\00 DISTRIB\X-Plane 9\Resources\plugins\PluginCHA\plugin_5_SAU\plugin_5_SAU\Debug\link.6948.write.1.tlog
C:\00 DISTRIB\X-Plane 9\Resources\plugins\PluginCHA\plugin_5_SAU\plugin_5_SAU\Debug\link.6948-cvtres.read.1.tlog
C:\00 DISTRIB\X-Plane 9\Resources\plugins\PluginCHA\plugin_5_SAU\plugin_5_SAU\Debug\link.6948-cvtres.write.1.tlog
C:\00 DISTRIB\X-Plane 9\Resources\plugins\PluginCHA\plugin_5_SAU\plugin_5_SAU\Debug\link.7500.read.1.tlog
C:\00 DISTRIB\X-Plane 9\Resources\plugins\PluginCHA\plugin_5_SAU\plugin_5_SAU\Debug\link.7500.write.1.tlog
C:\00 DISTRIB\X-Plane 9\Resources\plugins\PluginCHA\plugin_5_SAU\plugin_5_SAU\Debug\link.7500-cvtres.read.1.tlog
C:\00 DISTRIB\X-Plane 9\Resources\plugins\PluginCHA\plugin_5_SAU\plugin_5_SAU\Debug\link.7500-cvtres.write.1.tlog
C:\00 DISTRIB\X-Plane 9\Resources\plugins\PluginCHA\plugin_5_SAU\plugin_5_SAU\Debug\link.7812.read.1.tlog
C:\00 DISTRIB\X-Plane 9\Resources\plugins\PluginCHA\plugin_5_SAU\plugin_5_SAU\Debug\link.7812.write.1.tlog
C:\00 DISTRIB\X-Plane 9\Resources\plugins\PluginCHA\plugin_5_SAU\plugin_5_SAU\Debug\link.7812-cvtres.read.1.tlog
C:\00 DISTRIB\X-Plane 9\Resources\plugins\PluginCHA\plugin_5_SAU\plugin_5_SAU\Debug\link.7812-cvtres.write.1.tlog
C:\00 DISTRIB\X-Plane 9\Resources\plugins\PluginCHA\plugin_5_SAU\plugin_5_SAU\Debug\link.7860.read.1.tlog
C:\00 DISTRIB\X-Plane 9\Resources\plugins\PluginCHA\plugin_5_SAU\plugin_5_SAU\Debug\link.7860.write.1.tlog
C:\00 DISTRIB\X-Plane 9\Resources\plugins\PluginCHA\plugin_5_SAU\plugin_5_SAU\Debug\link.7860-cvtres.read.1.tlog
C:\00 DISTRIB\X-Plane 9\Resources\plugins\PluginCHA\plugin_5_SAU\plugin_5_SAU\Debug\link.7860-cvtres.write.1.tlog
C:\00 DISTRIB\X-Plane 9\Resources\plugins\PluginCHA\plugin_5_SAU\plugin_5_SAU\Debug\link.7884.read.1.tlog
C:\00 DISTRIB\X-Plane 9\Resources\plugins\PluginCHA\plugin_5_SAU\plugin_5_SAU\Debug\link.7884.write.1.tlog
C:\00 DISTRIB\X-Plane 9\Resources\plugins\PluginCHA\plugin_5_SAU\plugin_5_SAU\Debug\link.7884-cvtres.read.1.tlog
C:\00 DISTRIB\X-Plane 9\Resources\plugins\PluginCHA\plugin_5_SAU\plugin_5_SAU\Debug\link.7884-cvtres.write.1.tlog
C:\00 DISTRIB\X-Plane 9\Resources\plugins\PluginCHA\plugin_5_SAU\plugin_5_SAU\Debug\link.7944.read.1.tlog
C:\00 DISTRIB\X-Plane 9\Resources\plugins\PluginCHA\plugin_5_SAU\plugin_5_SAU\Debug\link.7944.write.1.tlog
C:\00 DISTRIB\X-Plane 9\Resources\plugins\PluginCHA\plugin_5_SAU\plugin_5_SAU\Debug\link.7944-cvtres.read.1.tlog
C:\00 DISTRIB\X-Plane 9\Resources\plugins\PluginCHA\plugin_5_SAU\plugin_5_SAU\Debug\link.7944-cvtres.write.1.tlog
C:\00 DISTRIB\X-Plane 9\Resources\plugins\PluginCHA\plugin_5_SAU\plugin_5_SAU\Debug\link.980.read.1.tlog
C:\00 DISTRIB\X-Plane 9\Resources\plugins\PluginCHA\plugin_5_SAU\plugin_5_SAU\Debug\link.980.write.1.tlog
C:\00 DISTRIB\X-Plane 9\Resources\plugins\PluginCHA\plugin_5_SAU\plugin_5_SAU\Debug\link.980-cvtres.read.1.tlog
C:\00 DISTRIB\X-Plane 9\Resources\plugins\PluginCHA\plugin_5_SAU\plugin_5_SAU\Debug\link.980-cvtres.write.1.tlog
C:\00 DISTRIB\X-Plane 9\Resources\plugins\PluginCHA\plugin_5_SAU\plugin_5_SAU\Debug\link.command.1.tlog
C:\00 DISTRIB\X-Plane 9\Resources\plugins\PluginCHA\plugin_5_SAU\plugin_5_SAU\Debug\link.read.1.tlog
C:\00 DISTRIB\X-Plane 9\Resources\plugins\PluginCHA\plugin_5_SAU\plugin_5_SAU\Debug\link.write.1.tlog
C:\00 DISTRIB\X-Plane 9\Resources\plugins\PluginCHA\plugin_5_SAU\plugin_5_SAU\Debug\link-cvtres.read.1.tlog
C:\00 DISTRIB\X-Plane 9\Resources\plugins\PluginCHA\plugin_5_SAU\plugin_5_SAU\Debug\link-cvtres.write.1.tlog
C:\00 DISTRIB\X-PLANE 9\RESOURCES\PLUGINS\PLUGINCHA\PLUGIN_5_SAU\PLUGIN_5_SAU\DEBUG\MAIN.OBJ
C:\00 DISTRIB\X-PLANE 9\RESOURCES\PLUGINS\PLUGINCHA\PLUGIN_5_SAU\PLUGIN_5_SAU\DEBUG\MAINWINDLL.OBJ
C:\00 DISTRIB\X-Plane 9\Resources\plugins\PluginCHA\plugin_5_SAU\plugin_5_SAU\Debug\mt.command.1.tlog
C:\00 DISTRIB\X-Plane 9\Resources\plugins\PluginCHA\plugin_5_SAU\plugin_5_SAU\Debug\mt.read.1.tlog
C:\00 DISTRIB\X-Plane 9\Resources\plugins\PluginCHA\plugin_5_SAU\plugin_5_SAU\Debug\mt.write.1.tlog
C:\00 DISTRIB\X-PLANE 9\RESOURCES\PLUGINS\PLUGINCHA\PLUGIN_5_SAU\PLUGIN_5_SAU\DEBUG\PLUGIN_5_SAU.DLL.EMBED.MANIFEST
C:\00 DISTRIB\X-PLANE 9\RESOURCES\PLUGINS\PLUGINCHA\PLUGIN_5_SAU\PLUGIN_5_SAU\DEBUG\PLUGIN_5_SAU.DLL.EMBED.MANIFEST.RES
C:\00 DISTRIB\X-PLANE 9\RESOURCES\PLUGINS\PLUGINCHA\PLUGIN_5_SAU\PLUGIN_5_SAU\DEBUG\PLUGIN_5_SAU.DLL.INTERMEDIATE.MANIFEST
C:\00 DISTRIB\X-Plane 9\Resources\plugins\PluginCHA\plugin_5_SAU\plugin_5_SAU\Debug\plugin_5_SAU.vcxprojResolveAssemblyReference.cache
C:\00 DISTRIB\X-Plane 9\Resources\plugins\PluginCHA\plugin_5_SAU\plugin_5_SAU\Debug\plugin_5_SAU.write.1.tlog
C:\00 DISTRIB\X-Plane 9\Resources\plugins\PluginCHA\plugin_5_SAU\plugin_5_SAU\Debug\plugin_5_SAU_manifest.rc
C:\00 DISTRIB\X-Plane 9\Resources\plugins\PluginCHA\plugin_5_SAU\plugin_5_SAU\Debug\rc.command.1.tlog
C:\00 DISTRIB\X-Plane 9\Resources\plugins\PluginCHA\plugin_5_SAU\plugin_5_SAU\Debug\rc.read.1.tlog
C:\00 DISTRIB\X-Plane 9\Resources\plugins\PluginCHA\plugin_5_SAU\plugin_5_SAU\Debug\rc.write.1.tlog
C:\00 DISTRIB\X-PLANE 9\RESOURCES\PLUGINS\PLUGINCHA\PLUGIN_5_SAU\PLUGIN_5_SAU\DEBUG\RMNK_STR.OBJ
C:\00 DISTRIB\X-Plane 9\Resources\plugins\PluginCHA\plugin_5_SAU\plugin_5_SAU\Debug\vc100.idb
C:\00 DISTRIB\X-PLANE 9\RESOURCES\PLUGINS\PLUGINCHA\PLUGIN_5_SAU\PLUGIN_5_SAU\DEBUG\VC100.PDB
