Build started 12.11.2015 15:01:42.
     1>Project "C:\00 DISTRIB\X-Plane 9\Resources\plugins\PluginCHA\plugin_5_SAU\plugin_5_SAU\plugin_5_SAU.vcxproj" on node 2 (rebuild target(s)).
     1>_PrepareForClean:
         Deleting file "Debug\plugin_5_SAU.lastbuildstate".
       InitializeBuildStatus:
         Creating "Debug\plugin_5_SAU.unsuccessfulbuild" because "AlwaysCreate" was specified.
       ClCompile:
         C:\Program Files (x86)\Microsoft Visual Studio 10.0\VC\bin\CL.exe /c /I..\..\SDK\CHeaders\Widgets /I..\..\SDK\CHeaders\XPLM /ZI /nologo /W3 /WX- /Od /Oy- /D WIN32 /D _DEBUG /D _WINDOWS /D _USRDLL /D PLUGIN_5_SAU_EXPORTS /D IBM=1 /D _WINDLL /D _UNICODE /D UNICODE /Gm /EHsc /RTC1 /MDd /GS /fp:precise /Zc:wchar_t /Zc:forScope /Fo"Debug\\" /Fd"Debug\vc100.pdb" /Gd /TP /analyze- /errorReport:prompt Main.cpp MainWinDll.cpp RMNK_str.cpp
         RMNK_str.cpp
     1>c:\00 distrib\x-plane 9\resources\plugins\plugincha\plugin_5_sau\plugin_5_sau\rmnk_str.cpp(10): warning C4068: unknown pragma
     1>c:\00 distrib\x-plane 9\resources\plugins\plugincha\plugin_5_sau\plugin_5_sau\rmnk_str.cpp(19): warning C4101: 'MAS4' : unreferenced local variable
         MainWinDll.cpp
         Main.cpp
     1>c:\00 distrib\x-plane 9\resources\plugins\plugincha\plugin_5_sau\plugin_5_sau\main.cpp(262): warning C4996: 'strcpy': This function or variable may be unsafe. Consider using strcpy_s instead. To disable deprecation, use _CRT_SECURE_NO_WARNINGS. See online help for details.
                 c:\program files (x86)\microsoft visual studio 10.0\vc\include\string.h(105) : see declaration of 'strcpy'
     1>c:\00 distrib\x-plane 9\resources\plugins\plugincha\plugin_5_sau\plugin_5_sau\main.cpp(263): warning C4996: 'strcpy': This function or variable may be unsafe. Consider using strcpy_s instead. To disable deprecation, use _CRT_SECURE_NO_WARNINGS. See online help for details.
                 c:\program files (x86)\microsoft visual studio 10.0\vc\include\string.h(105) : see declaration of 'strcpy'
     1>c:\00 distrib\x-plane 9\resources\plugins\plugincha\plugin_5_sau\plugin_5_sau\main.cpp(264): warning C4996: 'strcpy': This function or variable may be unsafe. Consider using strcpy_s instead. To disable deprecation, use _CRT_SECURE_NO_WARNINGS. See online help for details.
                 c:\program files (x86)\microsoft visual studio 10.0\vc\include\string.h(105) : see declaration of 'strcpy'
     1>c:\00 distrib\x-plane 9\resources\plugins\plugincha\plugin_5_sau\plugin_5_sau\main.cpp(692): warning C4244: 'initializing' : conversion from 'double' to 'float', possible loss of data
     1>c:\00 distrib\x-plane 9\resources\plugins\plugincha\plugin_5_sau\plugin_5_sau\main.cpp(726): warning C4244: 'initializing' : conversion from 'double' to 'float', possible loss of data
     1>c:\00 distrib\x-plane 9\resources\plugins\plugincha\plugin_5_sau\plugin_5_sau\main.cpp(731): warning C4244: 'initializing' : conversion from 'double' to 'float', possible loss of data
     1>c:\00 distrib\x-plane 9\resources\plugins\plugincha\plugin_5_sau\plugin_5_sau\main.cpp(755): warning C4244: 'initializing' : conversion from 'double' to 'float', possible loss of data
     1>c:\00 distrib\x-plane 9\resources\plugins\plugincha\plugin_5_sau\plugin_5_sau\main.cpp(804): warning C4305: 'initializing' : truncation from 'double' to 'const float'
     1>c:\00 distrib\x-plane 9\resources\plugins\plugincha\plugin_5_sau\plugin_5_sau\main.cpp(834): warning C4244: '=' : conversion from 'double' to 'float', possible loss of data
     1>c:\00 distrib\x-plane 9\resources\plugins\plugincha\plugin_5_sau\plugin_5_sau\main.cpp(909): warning C4244: 'initializing' : conversion from 'double' to 'float', possible loss of data
     1>c:\00 distrib\x-plane 9\resources\plugins\plugincha\plugin_5_sau\plugin_5_sau\main.cpp(916): warning C4244: '=' : conversion from 'double' to 'float', possible loss of data
     1>c:\00 distrib\x-plane 9\resources\plugins\plugincha\plugin_5_sau\plugin_5_sau\main.cpp(923): warning C4305: 'initializing' : truncation from 'double' to 'float'
     1>c:\00 distrib\x-plane 9\resources\plugins\plugincha\plugin_5_sau\plugin_5_sau\main.cpp(941): warning C4305: 'initializing' : truncation from 'double' to 'float'
     1>c:\00 distrib\x-plane 9\resources\plugins\plugincha\plugin_5_sau\plugin_5_sau\main.cpp(943): warning C4244: 'initializing' : conversion from 'double' to 'float', possible loss of data
     1>c:\00 distrib\x-plane 9\resources\plugins\plugincha\plugin_5_sau\plugin_5_sau\main.cpp(1035): warning C4244: '+=' : conversion from 'double' to 'float', possible loss of data
     1>c:\00 distrib\x-plane 9\resources\plugins\plugincha\plugin_5_sau\plugin_5_sau\main.cpp(1047): warning C4244: '-=' : conversion from 'double' to 'float', possible loss of data
     1>c:\00 distrib\x-plane 9\resources\plugins\plugincha\plugin_5_sau\plugin_5_sau\main.cpp(1068): warning C4244: '=' : conversion from 'double' to 'float', possible loss of data
     1>c:\00 distrib\x-plane 9\resources\plugins\plugincha\plugin_5_sau\plugin_5_sau\main.cpp(1069): warning C4244: '=' : conversion from 'double' to 'float', possible loss of data
     1>c:\00 distrib\x-plane 9\resources\plugins\plugincha\plugin_5_sau\plugin_5_sau\main.cpp(1130): warning C4305: 'initializing' : truncation from 'double' to 'float'
     1>c:\00 distrib\x-plane 9\resources\plugins\plugincha\plugin_5_sau\plugin_5_sau\main.cpp(1162): warning C4244: '=' : conversion from 'double' to 'float', possible loss of data
     1>c:\00 distrib\x-plane 9\resources\plugins\plugincha\plugin_5_sau\plugin_5_sau\main.cpp(1163): warning C4244: '=' : conversion from 'double' to 'float', possible loss of data
     1>c:\00 distrib\x-plane 9\resources\plugins\plugincha\plugin_5_sau\plugin_5_sau\main.cpp(1165): warning C4244: '=' : conversion from 'double' to 'float', possible loss of data
     1>c:\00 distrib\x-plane 9\resources\plugins\plugincha\plugin_5_sau\plugin_5_sau\main.cpp(1339): warning C4800: 'BOOL' : forcing value to bool 'true' or 'false' (performance warning)
     1>c:\00 distrib\x-plane 9\resources\plugins\plugincha\plugin_5_sau\plugin_5_sau\main.cpp(1359): warning C4996: 'vsprintf': This function or variable may be unsafe. Consider using vsprintf_s instead. To disable deprecation, use _CRT_SECURE_NO_WARNINGS. See online help for details.
                 c:\program files (x86)\microsoft visual studio 10.0\vc\include\stdio.h(371) : see declaration of 'vsprintf'
     1>c:\00 distrib\x-plane 9\resources\plugins\plugincha\plugin_5_sau\plugin_5_sau\main.cpp(1383): warning C4244: '=' : conversion from 'double' to 'float', possible loss of data
     1>c:\00 distrib\x-plane 9\resources\plugins\plugincha\plugin_5_sau\plugin_5_sau\main.cpp(1392): warning C4244: 'initializing' : conversion from 'double' to 'float', possible loss of data
     1>c:\00 distrib\x-plane 9\resources\plugins\plugincha\plugin_5_sau\plugin_5_sau\main.cpp(1397): warning C4244: 'argument' : conversion from 'int' to 'GLfloat', possible loss of data
     1>c:\00 distrib\x-plane 9\resources\plugins\plugincha\plugin_5_sau\plugin_5_sau\main.cpp(1397): warning C4244: 'argument' : conversion from 'int' to 'GLfloat', possible loss of data
     1>c:\00 distrib\x-plane 9\resources\plugins\plugincha\plugin_5_sau\plugin_5_sau\main.cpp(1419): warning C4305: 'argument' : truncation from 'double' to 'GLfloat'
     1>c:\00 distrib\x-plane 9\resources\plugins\plugincha\plugin_5_sau\plugin_5_sau\main.cpp(1419): warning C4305: 'argument' : truncation from 'double' to 'GLfloat'
     1>c:\00 distrib\x-plane 9\resources\plugins\plugincha\plugin_5_sau\plugin_5_sau\main.cpp(1422): warning C4018: '<' : signed/unsigned mismatch
     1>c:\00 distrib\x-plane 9\resources\plugins\plugincha\plugin_5_sau\plugin_5_sau\main.cpp(1424): warning C4244: 'argument' : conversion from 'int' to 'GLfloat', possible loss of data
     1>c:\00 distrib\x-plane 9\resources\plugins\plugincha\plugin_5_sau\plugin_5_sau\main.cpp(1449): warning C4244: 'argument' : conversion from 'int' to 'GLfloat', possible loss of data
     1>c:\00 distrib\x-plane 9\resources\plugins\plugincha\plugin_5_sau\plugin_5_sau\main.cpp(1449): warning C4244: 'argument' : conversion from 'int' to 'GLfloat', possible loss of data
     1>c:\00 distrib\x-plane 9\resources\plugins\plugincha\plugin_5_sau\plugin_5_sau\main.cpp(1503): warning C4244: 'argument' : conversion from 'double' to 'GLfloat', possible loss of data
     1>c:\00 distrib\x-plane 9\resources\plugins\plugincha\plugin_5_sau\plugin_5_sau\main.cpp(1514): warning C4244: 'argument' : conversion from 'double' to 'GLfloat', possible loss of data
     1>c:\00 distrib\x-plane 9\resources\plugins\plugincha\plugin_5_sau\plugin_5_sau\main.cpp(1527): warning C4244: 'argument' : conversion from 'double' to 'float', possible loss of data
     1>c:\00 distrib\x-plane 9\resources\plugins\plugincha\plugin_5_sau\plugin_5_sau\main.cpp(1547): warning C4244: 'argument' : conversion from 'int' to 'GLfloat', possible loss of data
     1>c:\00 distrib\x-plane 9\resources\plugins\plugincha\plugin_5_sau\plugin_5_sau\main.cpp(1547): warning C4244: 'argument' : conversion from 'int' to 'GLfloat', possible loss of data
     1>c:\00 distrib\x-plane 9\resources\plugins\plugincha\plugin_5_sau\plugin_5_sau\main.cpp(1632): warning C4244: 'argument' : conversion from 'int' to 'GLfloat', possible loss of data
     1>c:\00 distrib\x-plane 9\resources\plugins\plugincha\plugin_5_sau\plugin_5_sau\main.cpp(1632): warning C4244: 'argument' : conversion from 'int' to 'GLfloat', possible loss of data
     1>c:\00 distrib\x-plane 9\resources\plugins\plugincha\plugin_5_sau\plugin_5_sau\main.cpp(1646): warning C4244: 'argument' : conversion from 'double' to 'GLfloat', possible loss of data
     1>c:\00 distrib\x-plane 9\resources\plugins\plugincha\plugin_5_sau\plugin_5_sau\main.cpp(1647): warning C4244: 'argument' : conversion from 'double' to 'GLfloat', possible loss of data
     1>c:\00 distrib\x-plane 9\resources\plugins\plugincha\plugin_5_sau\plugin_5_sau\main.cpp(1648): warning C4244: 'argument' : conversion from 'double' to 'GLfloat', possible loss of data
     1>c:\00 distrib\x-plane 9\resources\plugins\plugincha\plugin_5_sau\plugin_5_sau\main.cpp(1649): warning C4244: 'argument' : conversion from 'double' to 'GLfloat', possible loss of data
     1>c:\00 distrib\x-plane 9\resources\plugins\plugincha\plugin_5_sau\plugin_5_sau\main.cpp(1651): warning C4244: 'argument' : conversion from 'double' to 'GLfloat', possible loss of data
     1>c:\00 distrib\x-plane 9\resources\plugins\plugincha\plugin_5_sau\plugin_5_sau\main.cpp(1652): warning C4244: 'argument' : conversion from 'double' to 'GLfloat', possible loss of data
     1>c:\00 distrib\x-plane 9\resources\plugins\plugincha\plugin_5_sau\plugin_5_sau\main.cpp(1653): warning C4244: 'argument' : conversion from 'double' to 'GLfloat', possible loss of data
     1>c:\00 distrib\x-plane 9\resources\plugins\plugincha\plugin_5_sau\plugin_5_sau\main.cpp(1654): warning C4244: 'argument' : conversion from 'double' to 'GLfloat', possible loss of data
     1>c:\00 distrib\x-plane 9\resources\plugins\plugincha\plugin_5_sau\plugin_5_sau\main.cpp(1832): warning C4244: 'initializing' : conversion from 'double' to 'float', possible loss of data
     1>c:\00 distrib\x-plane 9\resources\plugins\plugincha\plugin_5_sau\plugin_5_sau\main.cpp(1833): warning C4244: 'initializing' : conversion from 'double' to 'float', possible loss of data
     1>c:\00 distrib\x-plane 9\resources\plugins\plugincha\plugin_5_sau\plugin_5_sau\main.cpp(1856): warning C4244: 'initializing' : conversion from 'double' to 'float', possible loss of data
     1>c:\00 distrib\x-plane 9\resources\plugins\plugincha\plugin_5_sau\plugin_5_sau\main.cpp(1889): warning C4244: 'initializing' : conversion from 'double' to 'float', possible loss of data
     1>c:\00 distrib\x-plane 9\resources\plugins\plugincha\plugin_5_sau\plugin_5_sau\main.cpp(1989): warning C4305: 'argument' : truncation from 'double' to 'GLfloat'
     1>c:\00 distrib\x-plane 9\resources\plugins\plugincha\plugin_5_sau\plugin_5_sau\main.cpp(2006): warning C4018: '<' : signed/unsigned mismatch
     1>c:\00 distrib\x-plane 9\resources\plugins\plugincha\plugin_5_sau\plugin_5_sau\main.cpp(1871): warning C4101: 'dkoord_ground' : unreferenced local variable
     1>c:\00 distrib\x-plane 9\resources\plugins\plugincha\plugin_5_sau\plugin_5_sau\main.cpp(2048): warning C4244: 'initializing' : conversion from 'double' to 'float', possible loss of data
     1>c:\00 distrib\x-plane 9\resources\plugins\plugincha\plugin_5_sau\plugin_5_sau\main.cpp(2049): warning C4244: 'initializing' : conversion from 'double' to 'float', possible loss of data
     1>c:\00 distrib\x-plane 9\resources\plugins\plugincha\plugin_5_sau\plugin_5_sau\main.cpp(2088): warning C4244: 'initializing' : conversion from 'double' to 'float', possible loss of data
     1>c:\00 distrib\x-plane 9\resources\plugins\plugincha\plugin_5_sau\plugin_5_sau\main.cpp(2128): warning C4244: 'argument' : conversion from 'float' to 'int', possible loss of data
     1>c:\00 distrib\x-plane 9\resources\plugins\plugincha\plugin_5_sau\plugin_5_sau\main.cpp(2212): warning C4244: '=' : conversion from 'double' to 'float', possible loss of data
     1>c:\00 distrib\x-plane 9\resources\plugins\plugincha\plugin_5_sau\plugin_5_sau\main.cpp(2237): warning C4996: 'fopen': This function or variable may be unsafe. Consider using fopen_s instead. To disable deprecation, use _CRT_SECURE_NO_WARNINGS. See online help for details.
                 c:\program files (x86)\microsoft visual studio 10.0\vc\include\stdio.h(234) : see declaration of 'fopen'
     1>c:\00 distrib\x-plane 9\resources\plugins\plugincha\plugin_5_sau\plugin_5_sau\main.cpp(2269): warning C4244: 'initializing' : conversion from 'double' to 'float', possible loss of data
     1>c:\00 distrib\x-plane 9\resources\plugins\plugincha\plugin_5_sau\plugin_5_sau\main.cpp(2272): warning C4244: '=' : conversion from 'double' to 'float', possible loss of data
     1>c:\00 distrib\x-plane 9\resources\plugins\plugincha\plugin_5_sau\plugin_5_sau\main.cpp(2071): warning C4101: 'de1' : unreferenced local variable
     1>c:\00 distrib\x-plane 9\resources\plugins\plugincha\plugin_5_sau\plugin_5_sau\main.cpp(2071): warning C4101: 'H' : unreferenced local variable
     1>c:\00 distrib\x-plane 9\resources\plugins\plugincha\plugin_5_sau\plugin_5_sau\main.cpp(2071): warning C4101: 'de' : unreferenced local variable
     1>c:\00 distrib\x-plane 9\resources\plugins\plugincha\plugin_5_sau\plugin_5_sau\main.cpp(2071): warning C4101: 'eps' : unreferenced local variable
     1>c:\00 distrib\x-plane 9\resources\plugins\plugincha\plugin_5_sau\plugin_5_sau\main.cpp(2071): warning C4101: 'td' : unreferenced local variable
     1>c:\00 distrib\x-plane 9\resources\plugins\plugincha\plugin_5_sau\plugin_5_sau\main.cpp(2071): warning C4101: 'td1' : unreferenced local variable
     1>c:\00 distrib\x-plane 9\resources\plugins\plugincha\plugin_5_sau\plugin_5_sau\main.cpp(2071): warning C4101: 'teps' : unreferenced local variable
     1>c:\00 distrib\x-plane 9\resources\plugins\plugincha\plugin_5_sau\plugin_5_sau\main.cpp(2071): warning C4101: 'td2' : unreferenced local variable
     1>c:\00 distrib\x-plane 9\resources\plugins\plugincha\plugin_5_sau\plugin_5_sau\main.cpp(2071): warning C4101: 'L' : unreferenced local variable
         Generating Code...
       ManifestResourceCompile:
         C:\Program Files (x86)\Microsoft SDKs\Windows\v7.0A\bin\rc.exe /nologo /fo"Debug\plugin_5_SAU.dll.embed.manifest.res" Debug\plugin_5_SAU_manifest.rc 
     1>C:\Program Files (x86)\MSBuild\Microsoft.Cpp\v4.0\Microsoft.CppBuild.targets(990,5): warning MSB8012: TargetPath(C:\00 DISTRIB\X-Plane 9\Resources\plugins\PluginCHA\plugin_5_SAU\Debug\plugin_5_SAU.dll) does not match the Linker's OutputFile property value (C:\00 DISTRIB\X-Plane 9\Resources\plugins\plugin_5_SAU.xpl). This may cause your project to build incorrectly. To correct this, please make sure that $(OutDir), $(TargetName) and $(TargetExt) property values match the value specified in %(Link.OutputFile).
     1>C:\Program Files (x86)\MSBuild\Microsoft.Cpp\v4.0\Microsoft.CppBuild.targets(991,5): warning MSB8012: TargetExt(.dll) does not match the Linker's OutputFile property value (.xpl). This may cause your project to build incorrectly. To correct this, please make sure that $(OutDir), $(TargetName) and $(TargetExt) property values match the value specified in %(Link.OutputFile).
       Link:
         C:\Program Files (x86)\Microsoft Visual Studio 10.0\VC\bin\link.exe /ERRORREPORT:PROMPT /OUT:"..\..\..\plugin_5_SAU.xpl" /INCREMENTAL /NOLOGO opengl32.lib glu32.lib odbc32.lib odbccp32.lib kernel32.lib user32.lib gdi32.lib winspool.lib comdlg32.lib advapi32.lib shell32.lib ole32.lib oleaut32.lib uuid.lib odbc32.lib odbccp32.lib /MANIFEST /ManifestFile:"Debug\plugin_5_SAU.dll.intermediate.manifest" /MANIFESTUAC:"level='asInvoker' uiAccess='false'" /DEBUG /PDB:"C:\00 DISTRIB\X-Plane 9\Resources\plugins\PluginCHA\plugin_5_SAU\Debug\plugin_5_SAU.pdb" /SUBSYSTEM:WINDOWS /TLBID:1 /DYNAMICBASE /NXCOMPAT /IMPLIB:"C:\00 DISTRIB\X-Plane 9\Resources\plugins\PluginCHA\plugin_5_SAU\Debug\plugin_5_SAU.lib" /MACHINE:X86 /DLL Debug\plugin_5_SAU.dll.embed.manifest.res
         Debug\Main.obj
         Debug\MainWinDll.obj
         Debug\RMNK_str.obj
         ..\..\SDK\Libraries\Win\XPLM.lib
         ..\..\SDK\Libraries\Win\XPWidgets.lib
            Creating library C:\00 DISTRIB\X-Plane 9\Resources\plugins\PluginCHA\plugin_5_SAU\Debug\plugin_5_SAU.lib and object C:\00 DISTRIB\X-Plane 9\Resources\plugins\PluginCHA\plugin_5_SAU\Debug\plugin_5_SAU.exp
       Manifest:
         Deleting file "Debug\plugin_5_SAU.dll.embed.manifest".
         C:\Program Files (x86)\Microsoft SDKs\Windows\v7.0A\bin\mt.exe /nologo /verbose /out:"Debug\plugin_5_SAU.dll.embed.manifest" /manifest Debug\plugin_5_SAU.dll.intermediate.manifest
         C:\Program Files (x86)\Microsoft SDKs\Windows\v7.0A\bin\rc.exe /nologo /fo"Debug\plugin_5_SAU.dll.embed.manifest.res" Debug\plugin_5_SAU_manifest.rc 
       LinkEmbedManifest:
         C:\Program Files (x86)\Microsoft Visual Studio 10.0\VC\bin\link.exe /ERRORREPORT:PROMPT /OUT:"..\..\..\plugin_5_SAU.xpl" /INCREMENTAL /NOLOGO opengl32.lib glu32.lib odbc32.lib odbccp32.lib kernel32.lib user32.lib gdi32.lib winspool.lib comdlg32.lib advapi32.lib shell32.lib ole32.lib oleaut32.lib uuid.lib odbc32.lib odbccp32.lib /MANIFEST /ManifestFile:"Debug\plugin_5_SAU.dll.intermediate.manifest" /MANIFESTUAC:"level='asInvoker' uiAccess='false'" /DEBUG /PDB:"C:\00 DISTRIB\X-Plane 9\Resources\plugins\PluginCHA\plugin_5_SAU\Debug\plugin_5_SAU.pdb" /SUBSYSTEM:WINDOWS /TLBID:1 /DYNAMICBASE /NXCOMPAT /IMPLIB:"C:\00 DISTRIB\X-Plane 9\Resources\plugins\PluginCHA\plugin_5_SAU\Debug\plugin_5_SAU.lib" /MACHINE:X86 /DLL Debug\plugin_5_SAU.dll.embed.manifest.res
         Debug\Main.obj
         Debug\MainWinDll.obj
         Debug\RMNK_str.obj
         ..\..\SDK\Libraries\Win\XPLM.lib
         ..\..\SDK\Libraries\Win\XPWidgets.lib
            Creating library C:\00 DISTRIB\X-Plane 9\Resources\plugins\PluginCHA\plugin_5_SAU\Debug\plugin_5_SAU.lib and object C:\00 DISTRIB\X-Plane 9\Resources\plugins\PluginCHA\plugin_5_SAU\Debug\plugin_5_SAU.exp
         plugin_5_SAU.vcxproj -> C:\00 DISTRIB\X-Plane 9\Resources\plugins\PluginCHA\plugin_5_SAU\Debug\plugin_5_SAU.dll
       FinalizeBuildStatus:
         Deleting file "Debug\plugin_5_SAU.unsuccessfulbuild".
         Touching "Debug\plugin_5_SAU.lastbuildstate".
     1>Done Building Project "C:\00 DISTRIB\X-Plane 9\Resources\plugins\PluginCHA\plugin_5_SAU\plugin_5_SAU\plugin_5_SAU.vcxproj" (rebuild target(s)).

Build succeeded.

Time Elapsed 00:00:02.23
